0 info it worked if it ends with ok
1 verbose cli [ 'node', '/usr/local/bin/npm', 'install', '-g', 'shelljs' ]
2 info using npm@1.4.28
3 info using node@v0.10.32
4 verbose cache add [ 'shelljs', null ]
5 verbose cache add name=undefined spec="shelljs" args=["shelljs",null]
6 verbose parsed url { protocol: null,
6 verbose parsed url   slashes: null,
6 verbose parsed url   auth: null,
6 verbose parsed url   host: null,
6 verbose parsed url   port: null,
6 verbose parsed url   hostname: null,
6 verbose parsed url   hash: null,
6 verbose parsed url   search: null,
6 verbose parsed url   query: null,
6 verbose parsed url   pathname: 'shelljs',
6 verbose parsed url   path: 'shelljs',
6 verbose parsed url   href: 'shelljs' }
7 silly lockFile eb06dd96-shelljs shelljs
8 verbose lock shelljs /Users/nathanhorton/.npm/eb06dd96-shelljs.lock
9 silly lockFile eb06dd96-shelljs shelljs
10 silly lockFile eb06dd96-shelljs shelljs
11 verbose addNamed [ 'shelljs', '' ]
12 verbose addNamed [ null, '*' ]
13 silly lockFile 9724384e-shelljs shelljs@
14 verbose lock shelljs@ /Users/nathanhorton/.npm/9724384e-shelljs.lock
15 silly addNameRange { name: 'shelljs', range: '*', hasData: false }
16 verbose request where is /shelljs
17 verbose request registry https://registry.npmjs.org/
18 verbose request id 6e7ceae12b96948a
19 verbose url raw /shelljs
20 verbose url resolving [ 'https://registry.npmjs.org/', './shelljs' ]
21 verbose url resolved https://registry.npmjs.org/shelljs
22 verbose request where is https://registry.npmjs.org/shelljs
23 info trying registry request attempt 1 at 15:25:10
24 verbose etag "BOHMK3IMFKCVANT6VIVC1I7V"
25 http GET https://registry.npmjs.org/shelljs
26 info retry will retry, error on last attempt: Error: getaddrinfo ENOTFOUND
27 info trying registry request attempt 2 at 15:25:55
28 verbose etag "BOHMK3IMFKCVANT6VIVC1I7V"
29 http GET https://registry.npmjs.org/shelljs
30 info retry will retry, error on last attempt: Error: getaddrinfo ENOTFOUND
31 info trying registry request attempt 3 at 15:27:30
32 verbose etag "BOHMK3IMFKCVANT6VIVC1I7V"
33 http GET https://registry.npmjs.org/shelljs
34 silly registry.get cb [ 304, undefined ]
35 verbose etag https://registry.npmjs.org/shelljs from cache
36 silly addNameRange number 2 { name: 'shelljs', range: '*', hasData: true }
37 silly addNameRange versions [ 'shelljs',
37 silly addNameRange   [ '0.0.1',
37 silly addNameRange     '0.0.2',
37 silly addNameRange     '0.0.3',
37 silly addNameRange     '0.0.4',
37 silly addNameRange     '0.0.5',
37 silly addNameRange     '0.0.6',
37 silly addNameRange     '0.0.7',
37 silly addNameRange     '0.0.8',
37 silly addNameRange     '0.0.9',
37 silly addNameRange     '0.1.0',
37 silly addNameRange     '0.1.1',
37 silly addNameRange     '0.1.2',
37 silly addNameRange     '0.1.3',
37 silly addNameRange     '0.1.4',
37 silly addNameRange     '0.2.0',
37 silly addNameRange     '0.2.1',
37 silly addNameRange     '0.2.2',
37 silly addNameRange     '0.2.3',
37 silly addNameRange     '0.2.4',
37 silly addNameRange     '0.2.5',
37 silly addNameRange     '0.2.6',
37 silly addNameRange     '0.3.0',
37 silly addNameRange     '0.0.1-alpha1',
37 silly addNameRange     '0.0.2-pre1',
37 silly addNameRange     '0.0.4-pre1',
37 silly addNameRange     '0.0.5-pre1',
37 silly addNameRange     '0.0.5-pre2',
37 silly addNameRange     '0.0.5-pre3',
37 silly addNameRange     '0.0.5-pre4',
37 silly addNameRange     '0.0.6-pre1',
37 silly addNameRange     '0.0.6-pre2' ] ]
38 verbose addNamed [ 'shelljs', '0.3.0' ]
39 verbose addNamed [ '0.3.0', '0.3.0' ]
40 silly lockFile 7d3918b1-shelljs-0-3-0 shelljs@0.3.0
41 verbose lock shelljs@0.3.0 /Users/nathanhorton/.npm/7d3918b1-shelljs-0-3-0.lock
42 silly lockFile 71d5ea4a-js-org-shelljs-shelljs-0-3-0-tgz https://registry.npmjs.org/shelljs/-/shelljs-0.3.0.tgz
43 verbose lock https://registry.npmjs.org/shelljs/-/shelljs-0.3.0.tgz /Users/nathanhorton/.npm/71d5ea4a-js-org-shelljs-shelljs-0-3-0-tgz.lock
44 verbose addRemoteTarball [ 'https://registry.npmjs.org/shelljs/-/shelljs-0.3.0.tgz',
44 verbose addRemoteTarball   '3596e6307a781544f591f37da618360f31db57b1' ]
45 info retry fetch attempt 1 at 15:28:05
46 verbose fetch to= /var/folders/x0/m7688s895fd90c329vyjg6yh0000gn/T/npm-5500-WiuijwQw/registry.npmjs.org/shelljs/-/shelljs-0.3.0.tgz
47 http GET https://registry.npmjs.org/shelljs/-/shelljs-0.3.0.tgz
48 error fetch failed https://registry.npmjs.org/shelljs/-/shelljs-0.3.0.tgz
49 info retry will retry, error on last attempt: Error: getaddrinfo ENOTFOUND
50 info retry fetch attempt 2 at 15:28:50
51 verbose fetch to= /var/folders/x0/m7688s895fd90c329vyjg6yh0000gn/T/npm-5500-WiuijwQw/registry.npmjs.org/shelljs/-/shelljs-0.3.0.tgz
52 http GET https://registry.npmjs.org/shelljs/-/shelljs-0.3.0.tgz
53 error fetch failed https://registry.npmjs.org/shelljs/-/shelljs-0.3.0.tgz
54 info retry will retry, error on last attempt: Error: getaddrinfo ENOTFOUND
55 info retry fetch attempt 3 at 15:30:25
56 verbose fetch to= /var/folders/x0/m7688s895fd90c329vyjg6yh0000gn/T/npm-5500-WiuijwQw/registry.npmjs.org/shelljs/-/shelljs-0.3.0.tgz
57 http GET https://registry.npmjs.org/shelljs/-/shelljs-0.3.0.tgz
58 error fetch failed https://registry.npmjs.org/shelljs/-/shelljs-0.3.0.tgz
59 silly lockFile 71d5ea4a-js-org-shelljs-shelljs-0-3-0-tgz https://registry.npmjs.org/shelljs/-/shelljs-0.3.0.tgz
60 silly lockFile 71d5ea4a-js-org-shelljs-shelljs-0-3-0-tgz https://registry.npmjs.org/shelljs/-/shelljs-0.3.0.tgz
61 silly lockFile 7d3918b1-shelljs-0-3-0 shelljs@0.3.0
62 silly lockFile 7d3918b1-shelljs-0-3-0 shelljs@0.3.0
63 silly lockFile 9724384e-shelljs shelljs@
64 silly lockFile 9724384e-shelljs shelljs@
65 error network getaddrinfo ENOTFOUND
65 error network This is most likely not a problem with npm itself
65 error network and is related to network connectivity.
65 error network In most cases you are behind a proxy or have bad network settings.
65 error network
65 error network If you are behind a proxy, please make sure that the
65 error network 'proxy' config is set properly.  See: 'npm help config'
66 error System Darwin 14.0.0
67 error command "node" "/usr/local/bin/npm" "install" "-g" "shelljs"
68 error cwd /Users/nathanhorton/Google Drive/AEM/Project/SI^2/Application
69 error node -v v0.10.32
70 error npm -v 1.4.28
71 error syscall getaddrinfo
72 error code ENOTFOUND
73 error errno ENOTFOUND
74 verbose exit [ 1, true ]
